1695090554456:testing
1695090725245:help
1695090823255:testing
1695091324763:help
1695091330575:testing
1695091337458:checkaccount
1695091345569:setbuyer
1695091349633:checkaccount
1695091353848:setadmin
1695091356700:checkaccount
1695092879481:testing2
1695092883549:testing2 abc
1695092888075:testing2 a b c
1695093087681:testing3
1695093092216:testing3 a
1695093097467:testing3 a b c de
1695093689634:help testing4
1695093701054:testing4
1695093707663:testing4 fir sec
1695095156370:Setup
1695095185085:Setup 1 2 2 2
1695095190332:View
1695095197628:View 2
1695095473738:Setup 2 1 1 2
1695095481342:View 2
1695096730612:Setup 1 2 2 2
1695096733412:View 1
1695098781293:checkaccount
1695098794156:Setup 1 2 2 2
1695098800370:View 1
1695098811739:Availability
1695098817552:Availability 2
1695098821286:setbuyer
1695098825796:availability 2
1695098831615:Availability 2
1695098840846:Availability 1
1695098924677:checkaccount
1695098936753:Setup 1 2 2 2
1695098939974:View 1
1695098946808:setbuyer
1695098954765:Availability 3
1695098959117:Availability 1
1695105349025:checkaccount
1695105367732:Setup 1 2 2 2
1695105371982:view 1
1695105374508:View 1
1695105379611:setbuyer
1695105402988:Availability 1
1695105409192:Availability 2
1695105414409:Availability 1
1695105446372:Book 1 123 A1,B2
1695105580953:checkaccuont
1695105583509:checkaccount
1695105599880:Setup 1 3 3 2
1695105602322:View 1
1695105609468:setbuyer
1695105630111:Availability 1
1695105645917:Book 1 123 A1,C3
1695105783964:Availability 1
1695105836714:checkaccount
1695105849642:Setup 1 2 3 2
1695105854020:View 1
1695105862283:setbuyer
1695105866735:Availability 1
1695105906529:Book 1 123 A1,B1
1695105922401:Book 1 123 A2
1695125964691:checkaccount
1695125979129:Setup 1 2 3 2
1695125983938:View 1
1695125992578:setbuyer
1695126003314:Availability 1
1695126024223:Book 1 123 A1,B2
1695126039498:Availability 1
1695126064232:Cancel 0 123
1695126127241:checkaccount
1695126142954:Setup 1 3 3 2
1695126145919:View 1
1695126152084:setbuyer
1695126159540:Availability 1
1695126171463:Book 1 123 A1
1695126191217:Cancel 0 123
1695126196091:Availability 1
1695126427675:checkaccount
1695126443690:Setup 2 3 4 2
1695126445720:View 2
1695126451229:setbuyer
1695126474750:Availability 2
1695126507743:Book 2 123 A1,B2
1695126528790:Cancel 0 123
1695126533144:Availability 2
1695126550554:Cancel 1 123
1695126555512:Availability 2
1695128042729:checkaccount
1695128066359:Setup 1 3 3 2
1695128073646:setbuyer
1695128078437:Availability 1
1695128117076:Book 1 1324 A1,B2,C3
1695128136552:Cancel 1 1324
1695128142137:Availability 1
1695128161629:setadmin
1695128166619:View 1
1695128260773:checkaccount
1695128271894:Setup 1 3 3 2
1695128277476:setbuyer
1695128281885:Availability 1
1695128303982:Book 1 1234 A1,B2,A2
1695128314597:Availability 1
1695128328501:Cancel 0 1234
1695128332626:Availability
1695128336106:Availability 1
1695128352169:setadmin
1695128358252:View 1
1695128402146:checkaccount
1695128410769:Setup 2 4 4 2
1695128414323:setbuyer
1695128419753:Availability 1
1695128423326:Availability 2
1695128447190:Book 2 1234 D1,C1,A1
1695128458510:Cancel 0 1234
1695128463684:Availability 2
1695128471596:checkaccount
1695128474161:setadmin
1695128476852:View 2
1695128508449:setbuyer
1695128664430:Cancel 1 1234
1695129591269:help
1695129667599:help Setup
1695177832774:aa
1695179395237:checkaccount
